<?xml version="1.0" encoding="UTF-8"?>
<testng-results ignored="0" total="3" passed="3" failed="0" skipped="0">
  <reporter-output>
  </reporter-output>
  <suite started-at="2024-09-28T16:06:14 IST" name="Suite" finished-at="2024-09-28T16:06:29 IST" duration-ms="15103">
    <groups>
    </groups>
    <test started-at="2024-09-28T16:06:14 IST" name="Test1" finished-at="2024-09-28T16:06:28 IST" duration-ms="13819">
      <class name="SeleniumGridFile.ParallelTestOnGrid">
        <test-method signature="testParallel(java.lang.String)[pri:0, instance:SeleniumGridFile.ParallelTestOnGrid@131774fe]" started-at="2024-09-28T16:06:14 IST" name="testParallel" finished-at="2024-09-28T16:06:28 IST" duration-ms="13781" status="PASS">
          <params>
            <param index="0">
              <value>
                <![CDATA[chrome]]>
              </value>
            </param>
          </params>
          <reporter-output>
          </reporter-output>
        </test-method> <!-- testParallel -->
      </class> <!-- SeleniumGridFile.ParallelTestOnGrid -->
    </test> <!-- Test1 -->
    <test started-at="2024-09-28T16:06:14 IST" name="Test3" finished-at="2024-09-28T16:06:29 IST" duration-ms="14805">
      <class name="SeleniumGridFile.ParallelTestOnGrid">
        <test-method signature="testParallel(java.lang.String)[pri:0, instance:SeleniumGridFile.ParallelTestOnGrid@74235045]" started-at="2024-09-28T16:06:14 IST" name="testParallel" finished-at="2024-09-28T16:06:29 IST" duration-ms="14756" status="PASS">
          <params>
            <param index="0">
              <value>
                <![CDATA[edge]]>
              </value>
            </param>
          </params>
          <reporter-output>
          </reporter-output>
        </test-method> <!-- testParallel -->
      </class> <!-- SeleniumGridFile.ParallelTestOnGrid -->
    </test> <!-- Test3 -->
    <test started-at="2024-09-28T16:06:14 IST" name="Test2" finished-at="2024-09-28T16:06:29 IST" duration-ms="15093">
      <class name="SeleniumGridFile.ParallelTestOnGrid">
        <test-method signature="testParallel(java.lang.String)[pri:0, instance:SeleniumGridFile.ParallelTestOnGrid@5fe94a96]" started-at="2024-09-28T16:06:14 IST" name="testParallel" finished-at="2024-09-28T16:06:29 IST" duration-ms="15061" status="PASS">
          <params>
            <param index="0">
              <value>
                <![CDATA[firefox]]>
              </value>
            </param>
          </params>
          <reporter-output>
          </reporter-output>
        </test-method> <!-- testParallel -->
      </class> <!-- SeleniumGridFile.ParallelTestOnGrid -->
    </test> <!-- Test2 -->
  </suite> <!-- Suite -->
</testng-results>
